INFO: [VRFC 10-163] Analyzing VHDL file "C:/Users/alber/OneDrive/Documents/Xilinx/Archive/DDC/Vivado/system/system.gen/sources_1/ip/fir_compiler_1/sim/fir_compiler_1.vhd" into library xil_defaultlib
INFO: [VRFC 10-3107] analyzing entity 'fir_compiler_1'
INFO: [VRFC 10-163] Analyzing VHDL file "C:/Users/alber/OneDrive/Documents/Xilinx/Archive/DDC/Vivado/system/system.gen/sources_1/ip/fir_compiler_0/sim/fir_compiler_0.vhd" into library xil_defaultlib
INFO: [VRFC 10-3107] analyzing entity 'fir_compiler_0'
INFO: [VRFC 10-163] Analyzing VHDL file "C:/Users/alber/OneDrive/Documents/Xilinx/Archive/DDC/Vivado/system/system.gen/sources_1/ip/ila_0/sim/ila_0.vhd" into library xil_defaultlib
INFO: [VRFC 10-3107] analyzing entity 'ila_0'
INFO: [VRFC 10-163] Analyzing VHDL file "C:/Users/alber/OneDrive/Documents/Xilinx/Archive/DDC/Vivado/system/system.ip_user_files/bd/design_1/ip/design_1_axi_iic_0_0/sim/design_1_axi_iic_0_0.vhd" into library xil_defaultlib
INFO: [VRFC 10-3107] analyzing entity 'design_1_axi_iic_0_0'
INFO: [VRFC 10-163] Analyzing VHDL file "C:/Users/alber/OneDrive/Documents/Xilinx/Archive/DDC/Vivado/system/system.ip_user_files/bd/design_1/ip/design_1_rst_ps7_0_50M_0/sim/design_1_rst_ps7_0_50M_0.vhd" into library xil_defaultlib
INFO: [VRFC 10-3107] analyzing entity 'design_1_rst_ps7_0_50M_0'
INFO: [VRFC 10-163] Analyzing VHDL file "C:/Users/alber/OneDrive/Documents/Xilinx/Archive/DDC/Vivado/system/system.ip_user_files/bd/design_1/ip/design_1_axi_gpio_0_0/sim/design_1_axi_gpio_0_0.vhd" into library xil_defaultlib
INFO: [VRFC 10-3107] analyzing entity 'design_1_axi_gpio_0_0'
INFO: [VRFC 10-163] Analyzing VHDL file "C:/Users/alber/OneDrive/Documents/Xilinx/Archive/DDC/Vivado/system/system.ip_user_files/bd/design_1/ip/design_1_axi_gpio_1_0/sim/design_1_axi_gpio_1_0.vhd" into library xil_defaultlib
INFO: [VRFC 10-3107] analyzing entity 'design_1_axi_gpio_1_0'
INFO: [VRFC 10-163] Analyzing VHDL file "C:/Users/alber/OneDrive/Documents/Xilinx/Archive/DDC/Vivado/system/system.ip_user_files/bd/design_1/sim/design_1.vhd" into library xil_defaultlib
INFO: [VRFC 10-3107] analyzing entity 'm00_couplers_imp_15SPJYW'
INFO: [VRFC 10-3107] analyzing entity 'm01_couplers_imp_XU9C55'
INFO: [VRFC 10-3107] analyzing entity 'm02_couplers_imp_14WQB4R'
INFO: [VRFC 10-3107] analyzing entity 's00_couplers_imp_UYSKKA'
INFO: [VRFC 10-3107] analyzing entity 'design_1_ps7_0_axi_periph_0'
INFO: [VRFC 10-3107] analyzing entity 'design_1'
INFO: [VRFC 10-163] Analyzing VHDL file "C:/Users/alber/OneDrive/Documents/Xilinx/Archive/DDC/Vivado/system/system.gen/sources_1/ip/lowlevel_dac_intfc_0/src/clkdivider.vhd" into library xil_defaultlib
INFO: [VRFC 10-3107] analyzing entity 'clkdivider'
INFO: [VRFC 10-163] Analyzing VHDL file "C:/Users/alber/OneDrive/Documents/Xilinx/Archive/DDC/Vivado/system/system.gen/sources_1/ip/lowlevel_dac_intfc_0/src/low_level_dac_if.vhd" into library xil_defaultlib
INFO: [VRFC 10-3107] analyzing entity 'lowlevel_dac_intfc'
INFO: [VRFC 10-163] Analyzing VHDL file "C:/Users/alber/OneDrive/Documents/Xilinx/Archive/DDC/Vivado/system/system.gen/sources_1/ip/lowlevel_dac_intfc_0/sim/lowlevel_dac_intfc_0.vhd" into library xil_defaultlib
INFO: [VRFC 10-3107] analyzing entity 'lowlevel_dac_intfc_0'
INFO: [VRFC 10-163] Analyzing VHDL file "C:/Users/alber/OneDrive/Documents/Xilinx/Archive/DDC/Vivado/system/system.gen/sources_1/ip/dds_compiler_0/sim/dds_compiler_0.vhd" into library xil_defaultlib
INFO: [VRFC 10-3107] analyzing entity 'dds_compiler_0'
INFO: [VRFC 10-163] Analyzing VHDL file "C:/Users/alber/OneDrive/Documents/Xilinx/Archive/DDC/Vivado/system/system.srcs/sources_1/imports/new/toplevel.vhd" into library xil_defaultlib
INFO: [VRFC 10-3107] analyzing entity 'toplevel'
